<?xml version="1.0" encoding="UTF-8"?>
<TEI xmlns="http://www.tei-c.org/ns/1.0" xml:base="http://thun-korrespondenz.uibk.ac.at:8080/exist/rest/db/files/thun/xml/" xml:id="thun-an-exner_1852-08-31_CA80.xml">
    <teiHeader>
        <fileDesc>
            <titleStmt>
                <title>
                    <persName key="thun-hohenstein-leo" role="sender">Leo Thun</persName>
                    an
                    <persName key="exner-franz" role="recipient">Franz Exner</persName>
                    <lb/>
                    o. O. [Wien],
                    <date when="--08-31">31. August [1852?]</date>
                    <note xml:id="note_1">
                        Da der Brief im unmittelbaren Zusammenhang mit dem
                        <ref target="thun/thun-korrespondenz/Oesterreichische_Nationalbibliothek/thun-an-exner_1852-08-24_CA79.xml">Brief vom 24. August</ref>
                        steht, scheint eine Datierung in das Jahr 1852 plausibel.
                    </note>
                </title>
            </titleStmt>
            <publicationStmt>
                <p/>
            </publicationStmt>
            <sourceDesc>
                <msDesc>
                    <msIdentifier>
                        <institution>Österreichische Nationalbibliothek</institution>
                        <repository>Handschriftenabteilung</repository>
                        <idno>Autogr. 273/47-10</idno>
                    </msIdentifier>
                    <msContents>
                        <p>
                            Leo Thun lädt Franz Exner zu einer Besprechung in das Ministerium ein. Er möchte mit ihm die Einrichtung der Realschulen besprechen.
                        </p>
                    </msContents>
                </msDesc>
            </sourceDesc>
        </fileDesc>
        <revisionDesc docStatus="approved"/>
    </teiHeader>
    <text>
        <body>
            <div type="transcript">
                <index>
                    <term>Ministerium für Kultus und Unterricht</term>
                    <term>Realschulen</term>
                </index>
                <p>31. August</p>
                <p>
                    Ich bitte Sie morgen, oder wenn Sie diese Zeilen zu spät erhalten, oder sonst verhindert sein sollten, übermorgen im Ministerium zu mir zu kommen, wegen der Angelegenheit der Realschule. Ich werde jedenfalls von 11 bis 2 Uhr im Bureau sein.
                </p>
                <p>Thun</p>
            </div>
        </body>
    </text>
</TEI>
